<?xml version="1.0" encoding="UTF-8"?>
<!-- Generated by org.testng.reporters.JUnitReportReporter -->
<testsuite hostname="mycomputer" failures="0" tests="1" name="TestClass.SearchTest" time="3.848" errors="0" timestamp="2022-11-05T19:27:29 EET" skipped="0">
  <testcase classname="TestClass.SearchTest" name="CheckAllItemsareinStock" time="3.848"/>
  <system-out/>
</testsuite> <!-- TestClass.SearchTest -->
