<?xml version="1.0" encoding="UTF-8"?>
<!-- Generated by org.testng.reporters.JUnitReportReporter -->
<testsuite hostname="mycomputer" failures="0" tests="1" name="TestClass.ContactUsTest" time="11.283" errors="0" timestamp="2022-11-05T19:27:29 EET" skipped="0">
  <testcase classname="TestClass.ContactUsTest" name="testcontactus" time="11.283"/>
  <system-out/>
</testsuite> <!-- TestClass.ContactUsTest -->
