<?xml version="1.0" encoding="UTF-8"?>
<!-- Generated by org.testng.reporters.JUnitReportReporter -->
<testsuite hostname="mycomputer" failures="0" tests="2" name="TestClass.TestLogin" time="15.384" errors="0" timestamp="2022-11-05T19:27:29 EET" skipped="0">
  <testcase classname="TestClass.TestLogin" name="login" time="11.322"/>
  <system-out/>
  <testcase classname="TestClass.TestLogin" name="loginwithincorrectPassword" time="4.062"/>
  <system-out/>
</testsuite> <!-- TestClass.TestLogin -->
